生成启动时间为 2018/5/5 21:45:41。
     1>项目“D:\PeDolls\PeDoll\PETrap\PETrap.vcxproj”在节点 3 上(build 个目标)。
     1>PrepareForBuild:
         正在创建目录“D:\PeDolls\PeDoll\Release\”。
       InitializeBuildStatus:
         正在创建“Release\PETrap.unsuccessfulbuild”，因为已指定“AlwaysCreate”。
       ClCompile:
         D:\Program Files (x86)\Microsoft Visual Studio 10.0\VC\bin\CL.exe /c /Zi /nologo /W3 /WX- /O2 /Oi /Oy- /GL /D _MBCS /Gm- /EHsc /MD /GS /Gy /fp:precise /Zc:wchar_t /Zc:forScope /Fo"Release\\" /Fd"Release\vc100.pdb" /Gd /TP /analyze- /errorReport:prompt __Main.cpp
         __Main.cpp
       Link:
         D:\Program Files (x86)\Microsoft Visual Studio 10.0\VC\bin\link.exe /ERRORREPORT:PROMPT /OUT:"D:\PeDolls\PeDoll\Release\PETrap.exe" /NOLOGO kernel32.lib user32.lib gdi32.lib winspool.lib comdlg32.lib advapi32.lib shell32.lib ole32.lib oleaut32.lib uuid.lib odbc32.lib odbccp32.lib /MANIFEST /ManifestFile:"Release\PETrap.exe.intermediate.manifest" /MANIFESTUAC:"level='asInvoker' uiAccess='false'" /DEBUG /PDB:"D:\PeDolls\PeDoll\Release\PETrap.pdb" /OPT:REF /OPT:ICF /LTCG /TLBID:1 /DYNAMICBASE /NXCOMPAT /IMPLIB:"D:\PeDolls\PeDoll\Release\PETrap.lib" /MACHINE:X86 Release\__Main.obj
         正在生成代码
         已完成代码的生成
         PETrap.vcxproj -> D:\PeDolls\PeDoll\Release\PETrap.exe
       Manifest:
         C:\Program Files (x86)\Microsoft SDKs\Windows\v7.0A\bin\mt.exe /nologo /verbose /outputresource:"D:\PeDolls\PeDoll\Release\PETrap.exe;#1" /manifest Release\PETrap.exe.intermediate.manifest
       FinalizeBuildStatus:
         正在删除文件“Release\PETrap.unsuccessfulbuild”。
         正在对“Release\PETrap.lastbuildstate”执行 Touch 任务。
     1>已完成生成项目“D:\PeDolls\PeDoll\PETrap\PETrap.vcxproj”(build 个目标)的操作。

生成成功。

已用时间 00:00:01.16
