生成启动时间为 2018/1/20 21:32:07。
     1>项目“D:\PeDolls\PE\PE.vcxproj”在节点 2 上(build 个目标)。
     1>InitializeBuildStatus:
         正在对“PETrap\PE.unsuccessfulbuild”执行 Touch 任务。
       ClCompile:
         D:\Program Files (x86)\Microsoft Visual Studio 10.0\VC\bin\CL.exe /c /Zi /nologo /W1 /WX- /O2 /Oy- /Gm- /EHsc /MD /GS /fp:precise /Zc:wchar_t /Zc:forScope /Fo"PETrap\\" /Fd"PETrap\vc100.pdb" /Gd /TP /analyze- /errorReport:prompt DLLMain_cn.cpp
         DLLMain_cn.cpp
       Link:
         D:\Program Files (x86)\Microsoft Visual Studio 10.0\VC\bin\link.exe /ERRORREPORT:PROMPT /OUT:"D:\PeDolls\PETrap\PE.exe" /NOLOGO kernel32.lib user32.lib gdi32.lib winspool.lib comdlg32.lib advapi32.lib shell32.lib ole32.lib oleaut32.lib uuid.lib odbc32.lib odbccp32.lib /MANIFEST /ManifestFile:"PETrap\PE.exe.intermediate.manifest" /MANIFESTUAC:"level='asInvoker' uiAccess='false'" /PDB:"D:\PeDolls\PETrap\PE.pdb" /TLBID:1 /DYNAMICBASE /NXCOMPAT /IMPLIB:"D:\PeDolls\PETrap\PE.lib" /MACHINE:X86 PETrap\Cube_Lexer.obj
         PETrap\Cube_SocketTCP.obj
         PETrap\Cube_SocketUDP.obj
         PETrap\Cube_TCPFastIO.obj
         PETrap\Cube_Thread.obj
         PETrap\PEStructure.obj
         PETrap\DLLMain_cn.obj
            正在创建库 D:\PeDolls\PETrap\PE.lib 和对象 D:\PeDolls\PETrap\PE.exp
         PE.vcxproj -> D:\PeDolls\PETrap\PE.exe
       Manifest:
         C:\Program Files (x86)\Microsoft SDKs\Windows\v7.0A\bin\mt.exe /nologo /verbose /outputresource:"D:\PeDolls\PETrap\PE.exe;#1" /manifest PETrap\PE.exe.intermediate.manifest
       FinalizeBuildStatus:
         正在删除文件“PETrap\PE.unsuccessfulbuild”。
         正在对“PETrap\PE.lastbuildstate”执行 Touch 任务。
     1>已完成生成项目“D:\PeDolls\PE\PE.vcxproj”(build 个目标)的操作。

生成成功。

已用时间 00:00:01.36
